c:\users\youiida\dropbox\work\programs\vanilla\vanilla\x64\release\vc141.pdb
c:\users\youiida\dropbox\work\programs\vanilla\vanilla\x64\release\vector3d.obj
c:\users\youiida\dropbox\work\programs\vanilla\vanilla\x64\release\vector3c.obj
c:\users\youiida\dropbox\work\programs\vanilla\vanilla\x64\release\vanilla_main.obj
c:\users\youiida\dropbox\work\programs\vanilla\vanilla\x64\release\stress.obj
c:\users\youiida\dropbox\work\programs\vanilla\vanilla\x64\release\mytools.obj
c:\users\youiida\dropbox\work\programs\vanilla\vanilla\x64\release\freeenergy.obj
c:\users\youiida\dropbox\work\programs\vanilla\vanilla\x64\release\field.obj
c:\users\youiida\dropbox\work\programs\vanilla\vanilla\x64\release\dataio.obj
c:\users\youiida\dropbox\work\programs\vanilla\x64\release\vanilla.exe
c:\users\youiida\dropbox\work\programs\vanilla\x64\release\vanilla.pdb
c:\users\youiida\dropbox\work\programs\vanilla\x64\release\vanilla.ipdb
c:\users\youiida\dropbox\work\programs\vanilla\x64\release\vanilla.iobj
c:\users\youiida\dropbox\work\programs\vanilla\vanilla\x64\release\vanilla.tlog\cl.command.1.tlog
c:\users\youiida\dropbox\work\programs\vanilla\vanilla\x64\release\vanilla.tlog\cl.read.1.tlog
c:\users\youiida\dropbox\work\programs\vanilla\vanilla\x64\release\vanilla.tlog\cl.write.1.tlog
c:\users\youiida\dropbox\work\programs\vanilla\vanilla\x64\release\vanilla.tlog\link.command.1.tlog
c:\users\youiida\dropbox\work\programs\vanilla\vanilla\x64\release\vanilla.tlog\link.read.1.tlog
c:\users\youiida\dropbox\work\programs\vanilla\vanilla\x64\release\vanilla.tlog\link.write.1.tlog
c:\users\youiida\dropbox\work\programs\vanilla\vanilla\x64\release\vanilla.tlog\vanilla.write.1u.tlog
